Command line: ./spades.py	--pe1-1	/lustre/scratch115/realdata/mdt3/projects/graphs/pmulti/pm_all_sequencing_data/raw_reads_genome/MF_pnitzschia_MP1_R1.fastq.gz	--pe1-2	/lustre/scratch115/realdata/mdt3/projects/graphs/pmulti/pm_all_sequencing_data/raw_reads_genome/MF_pnitzschia_MP1_R2.fastq.gz	--pe2-1	/lustre/scratch115/realdata/mdt3/projects/graphs/pmulti/pm_all_sequencing_data/raw_reads_genome/MF_pnitzschia_MP2_R1.fastq.gz	--pe2-2	/lustre/scratch115/realdata/mdt3/projects/graphs/pmulti/pm_all_sequencing_data/raw_reads_genome/MF_pnitzschia_MP2_R2.fastq.gz	--pe3-1	/lustre/scratch115/realdata/mdt3/projects/graphs/pmulti/pm_all_sequencing_data/raw_reads_genome/MF_pnitzschia_OPE1_R1.fastq.gz	--pe3-2	/lustre/scratch115/realdata/mdt3/projects/graphs/pmulti/pm_all_sequencing_data/raw_reads_genome/MF_pnitzschia_OPE1_R2.fastq.gz	--pe4-1	/lustre/scratch115/realdata/mdt3/projects/graphs/pmulti/pm_all_sequencing_data/raw_reads_genome/MF_pnitzschia_OPE2_R1.fastq.gz	--pe4-2	/lustre/scratch115/realdata/mdt3/projects/graphs/pmulti/pm_all_sequencing_data/raw_reads_genome/MF_pnitzschia_OPE2_R2.fastq.gz	--pe5-1	/lustre/scratch115/realdata/mdt3/projects/graphs/pmulti/pm_all_sequencing_data/raw_reads_genome/MF_pnitzschia_PE1_R1.fastq.gz	--pe5-2	/lustre/scratch115/realdata/mdt3/projects/graphs/pmulti/pm_all_sequencing_data/raw_reads_genome/MF_pnitzschia_PE1_R2.fastq.gz	--only-assembler	-k	51,77	-m	500	-o	/lustre/scratch115/realdata/mdt3/projects/graphs/yeast/erik/final_exp/fish/scripts/try/spades	

System information:
  SPAdes version: 3.10.1
  Python version: 3.5.2
  OS: Linux-3.2.0-105-generic-x86_64-with-debian-wheezy-sid

Output dir: /lustre/scratch115/realdata/mdt3/projects/graphs/yeast/erik/final_exp/fish/scripts/try/spades
Mode: ONLY assembling (without read error correction)
Debug mode is turned OFF

Dataset parameters:
  Multi-cell mode (you should set '--sc' flag if input data was obtained with MDA (single-cell) technology or --meta flag if processing metagenomic dataset)
  Reads:
    Library number: 1, library type: paired-end
      orientation: fr
      left reads: ['/lustre/scratch115/realdata/mdt3/projects/graphs/pmulti/pm_all_sequencing_data/raw_reads_genome/MF_pnitzschia_MP1_R1.fastq.gz']
      right reads: ['/lustre/scratch115/realdata/mdt3/projects/graphs/pmulti/pm_all_sequencing_data/raw_reads_genome/MF_pnitzschia_MP1_R2.fastq.gz']
      interlaced reads: not specified
      single reads: not specified
    Library number: 2, library type: paired-end
      orientation: fr
      left reads: ['/lustre/scratch115/realdata/mdt3/projects/graphs/pmulti/pm_all_sequencing_data/raw_reads_genome/MF_pnitzschia_MP2_R1.fastq.gz']
      right reads: ['/lustre/scratch115/realdata/mdt3/projects/graphs/pmulti/pm_all_sequencing_data/raw_reads_genome/MF_pnitzschia_MP2_R2.fastq.gz']
      interlaced reads: not specified
      single reads: not specified
    Library number: 3, library type: paired-end
      orientation: fr
      left reads: ['/lustre/scratch115/realdata/mdt3/projects/graphs/pmulti/pm_all_sequencing_data/raw_reads_genome/MF_pnitzschia_OPE1_R1.fastq.gz']
      right reads: ['/lustre/scratch115/realdata/mdt3/projects/graphs/pmulti/pm_all_sequencing_data/raw_reads_genome/MF_pnitzschia_OPE1_R2.fastq.gz']
      interlaced reads: not specified
      single reads: not specified
    Library number: 4, library type: paired-end
      orientation: fr
      left reads: ['/lustre/scratch115/realdata/mdt3/projects/graphs/pmulti/pm_all_sequencing_data/raw_reads_genome/MF_pnitzschia_OPE2_R1.fastq.gz']
      right reads: ['/lustre/scratch115/realdata/mdt3/projects/graphs/pmulti/pm_all_sequencing_data/raw_reads_genome/MF_pnitzschia_OPE2_R2.fastq.gz']
      interlaced reads: not specified
      single reads: not specified
    Library number: 5, library type: paired-end
      orientation: fr
      left reads: ['/lustre/scratch115/realdata/mdt3/projects/graphs/pmulti/pm_all_sequencing_data/raw_reads_genome/MF_pnitzschia_PE1_R1.fastq.gz']
      right reads: ['/lustre/scratch115/realdata/mdt3/projects/graphs/pmulti/pm_all_sequencing_data/raw_reads_genome/MF_pnitzschia_PE1_R2.fastq.gz']
      interlaced reads: not specified
      single reads: not specified
Assembly parameters:
  k: [51, 77]
  Repeat resolution is enabled
  Mismatch careful mode is turned OFF
  MismatchCorrector will be SKIPPED
  Coverage cutoff is turned OFF
Other parameters:
  Dir for temp files: /lustre/scratch115/realdata/mdt3/projects/graphs/yeast/erik/final_exp/fish/scripts/try/spades/tmp
  Threads: 16
  Memory limit (in Gb): 500


======= SPAdes pipeline started. Log can be found here: /lustre/scratch115/realdata/mdt3/projects/graphs/yeast/erik/final_exp/fish/scripts/try/spades/spades.log


===== Assembling started.


== Running assembler: K51

/lustre/scratch115/realdata/mdt3/projects/graphs/yeast/erik/final_exp/fish/scripts/try/bin/spades: /usr/lib/x86_64-linux-gnu/libgomp.so.1: version `GOMP_4.0' not found (required by /lustre/scratch115/realdata/mdt3/projects/graphs/yeast/erik/final_exp/fish/scripts/try/bin/spades)
/lustre/scratch115/realdata/mdt3/projects/graphs/yeast/erik/final_exp/fish/scripts/try/bin/spades: /usr/lib/x86_64-linux-gnu/libstdc++.so.6: version `GLIBCXX_3.4.20' not found (required by /lustre/scratch115/realdata/mdt3/projects/graphs/yeast/erik/final_exp/fish/scripts/try/bin/spades)
/lustre/scratch115/realdata/mdt3/projects/graphs/yeast/erik/final_exp/fish/scripts/try/bin/spades: /usr/lib/x86_64-linux-gnu/libstdc++.so.6: version `CXXABI_1.3.8' not found (required by /lustre/scratch115/realdata/mdt3/projects/graphs/yeast/erik/final_exp/fish/scripts/try/bin/spades)
/lustre/scratch115/realdata/mdt3/projects/graphs/yeast/erik/final_exp/fish/scripts/try/bin/spades: /usr/lib/x86_64-linux-gnu/libstdc++.so.6: version `GLIBCXX_3.4.17' not found (required by /lustre/scratch115/realdata/mdt3/projects/graphs/yeast/erik/final_exp/fish/scripts/try/bin/spades)
/lustre/scratch115/realdata/mdt3/projects/graphs/yeast/erik/final_exp/fish/scripts/try/bin/spades: /usr/lib/x86_64-linux-gnu/libstdc++.so.6: version `GLIBCXX_3.4.18' not found (required by /lustre/scratch115/realdata/mdt3/projects/graphs/yeast/erik/final_exp/fish/scripts/try/bin/spades)
/lustre/scratch115/realdata/mdt3/projects/graphs/yeast/erik/final_exp/fish/scripts/try/bin/spades: /usr/lib/x86_64-linux-gnu/libstdc++.so.6: version `GLIBCXX_3.4.21' not found (required by /lustre/scratch115/realdata/mdt3/projects/graphs/yeast/erik/final_exp/fish/scripts/try/bin/spades)


== Error ==  system call for: "['/lustre/scratch115/realdata/mdt3/projects/graphs/yeast/erik/final_exp/fish/scripts/try/bin/spades', '/lustre/scratch115/realdata/mdt3/projects/graphs/yeast/erik/final_exp/fish/scripts/try/spades/K51/configs/config.info']" finished abnormally, err code: 1

In case you have troubles running SPAdes, you can write to spades.support@cab.spbu.ru
Please provide us with params.txt and spades.log files from the output directory.
